{"uuid":"f5ae032b-21cb-4801-829c-454d4e26737e","historyId":"28eb077237f63250ede6ca6eea25bd25","fullName":"testScript.EmployeeCRUDTest.createEmployeeTest","labels":[{"name":"package","value":"testScript.EmployeeCRUDTest"},{"name":"testClass","value":"testScript.EmployeeCRUDTest"},{"name":"testMethod","value":"createEmployeeTest"},{"name":"parentSuite","value":"Default Suite"},{"name":"suite","value":"MAY25_HRM_API"},{"name":"subSuite","value":"testScript.EmployeeCRUDTest"},{"name":"host","value":"HarshVegada"},{"name":"thread","value":"19348@HarshVegada.main(1)"},{"name":"framework","value":"testng"},{"name":"language","value":"java"}],"links":[],"name":"createEmployeeTest","status":"broken","statusDetails":{"known":false,"muted":false,"flaky":false,"message":"java.io.FileNotFoundException: C:\\Users\\harsh\\OneDrive\\Desktop\\Batches\\API\\May25\\MAY25_HRM_API\\src\\test\\resources\\schema\\employeeList (Access is denied)","trace":"io.restassured.module.jsv.JsonSchemaValidationException: java.io.FileNotFoundException: C:\\Users\\harsh\\OneDrive\\Desktop\\Batches\\API\\May25\\MAY25_HRM_API\\src\\test\\resources\\schema\\employeeList (Access is denied)\r\n\tat io.restassured.module.jsv.JsonSchemaValidator$JsonSchemaValidatorFactory.create(JsonSchemaValidator.java:286)\r\n\tat io.restassured.module.jsv.JsonSchemaValidator.matchesJsonSchema(JsonSchemaValidator.java:157)\r\n\tat base.APIControlActions.validateSchema(APIControlActions.java:131)\r\n\tat testScript.EmployeeCRUDTest.createEmployeeTest(EmployeeCRUDTest.java:83)\r\n\tat java.base/jdk.internal.reflect.DirectMethodHandleAccessor.invoke(DirectMethodHandleAccessor.java:103)\r\n\tat java.base/java.lang.reflect.Method.invoke(Method.java:580)\r\n\tat org.testng.internal.MethodInvocationHelper.invokeMethod(MethodInvocationHelper.java:133)\r\n\tat org.testng.internal.TestInvoker.invokeMethod(TestInvoker.java:598)\r\n\tat org.testng.internal.TestInvoker.invokeTestMethod(TestInvoker.java:173)\r\n\tat org.testng.internal.MethodRunner.runInSequence(MethodRunner.java:46)\r\n\tat org.testng.internal.TestInvoker$MethodInvocationAgent.invoke(TestInvoker.java:824)\r\n\tat org.testng.internal.TestInvoker.invokeTestMethods(TestInvoker.java:146)\r\n\tat org.testng.internal.TestMethodWorker.invokeTestMethods(TestMethodWorker.java:146)\r\n\tat org.testng.internal.TestMethodWorker.run(TestMethodWorker.java:128)\r\n\tat java.base/java.util.ArrayList.forEach(ArrayList.java:1597)\r\n\tat org.testng.TestRunner.privateRun(TestRunner.java:794)\r\n\tat org.testng.TestRunner.run(TestRunner.java:596)\r\n\tat org.testng.SuiteRunner.runTest(SuiteRunner.java:377)\r\n\tat org.testng.SuiteRunner.runSequentially(SuiteRunner.java:371)\r\n\tat org.testng.SuiteRunner.privateRun(SuiteRunner.java:332)\r\n\tat org.testng.SuiteRunner.run(SuiteRunner.java:276)\r\n\tat org.testng.SuiteRunnerWorker.runSuite(SuiteRunnerWorker.java:53)\r\n\tat org.testng.SuiteRunnerWorker.run(SuiteRunnerWorker.java:96)\r\n\tat org.testng.TestNG.runSuitesSequentially(TestNG.java:1212)\r\n\tat org.testng.TestNG.runSuitesLocally(TestNG.java:1134)\r\n\tat org.testng.TestNG.runSuites(TestNG.java:1063)\r\n\tat org.testng.TestNG.run(TestNG.java:1031)\r\n\tat com.intellij.rt.testng.IDEARemoteTestNG.run(IDEARemoteTestNG.java:65)\r\n\tat com.intellij.rt.testng.RemoteTestNGStarter.main(RemoteTestNGStarter.java:105)\r\nCaused by: java.io.FileNotFoundException: C:\\Users\\harsh\\OneDrive\\Desktop\\Batches\\API\\May25\\MAY25_HRM_API\\src\\test\\resources\\schema\\employeeList (Access is denied)\r\n\tat java.base/java.io.FileInputStream.open0(Native Method)\r\n\tat java.base/java.io.FileInputStream.open(FileInputStream.java:213)\r\n\tat java.base/java.io.FileInputStream.<init>(FileInputStream.java:152)\r\n\tat com.github.fge.jackson.JsonLoader.fromFile(JsonLoader.java:165)\r\n\tat io.restassured.module.jsv.JsonSchemaValidator$3.createSchemaInstance(JsonSchemaValidator.java:155)\r\n\tat io.restassured.module.jsv.JsonSchemaValidator$3.createSchemaInstance(JsonSchemaValidator.java:152)\r\n\tat io.restassured.module.jsv.JsonSchemaValidator$JsonSchemaValidatorFactory.create(JsonSchemaValidator.java:284)\r\n\t... 28 more\r\n"},"stage":"finished","steps":[],"attachments":[{"name":"Request","source":"2c82e7bb-8924-4d87-86dd-fa7dc11ff6c4-attachment.html","type":"text/html"},{"name":"HTTP/1.1 200 OK","source":"f1fe3453-3f57-434c-af80-0c15648cf9d6-attachment.html","type":"text/html"}],"parameters":[],"start":1750573621317,"stop":1750573637536}