<?xml version="1.0" encoding="UTF-8"?>
<testng-results ignored="0" total="4" passed="3" failed="1" skipped="0">
  <reporter-output>
  </reporter-output>
  <suite started-at="2025-06-28T09:14:24 IST" name="All Test Suite" finished-at="2025-06-28T09:15:06 IST" duration-ms="42153">
    <groups>
    </groups>
    <test started-at="2025-06-28T09:14:24 IST" name="/home/dell/Documents/Learning/APIs/Doc/MAY25_HRM_API_22June/MAY25_HRM_API/src/test/java/testScript/EmployeeCRUDTest.java" finished-at="2025-06-28T09:14:38 IST" duration-ms="13334">
      <class name="testScript.EmployeeCRUDTest">
        <test-method is-config="true" signature="setup()[pri:0, instance:testScript.EmployeeCRUDTest@2d710f1a]" started-at="2025-06-28T09:14:24 IST" name="setup" finished-at="2025-06-28T09:14:34 IST" duration-ms="9722" status="PASS">
          <reporter-output>
          </reporter-output>
        </test-method> <!-- setup -->
        <test-method signature="createEmployeeTest()[pri:0, instance:testScript.EmployeeCRUDTest@2d710f1a]" started-at="2025-06-28T09:14:34 IST" name="createEmployeeTest" finished-at="2025-06-28T09:14:38 IST" duration-ms="3500" status="PASS">
          <reporter-output>
          </reporter-output>
        </test-method> <!-- createEmployeeTest -->
        <test-method is-config="true" signature="tearDown(org.testng.ITestResult)[pri:0, instance:testScript.EmployeeCRUDTest@2d710f1a]" started-at="2025-06-28T09:14:38 IST" name="tearDown" finished-at="2025-06-28T09:14:38 IST" duration-ms="2" status="PASS">
          <params>
            <param index="0">
              <value>
                <![CDATA[[TestResult name=createEmployeeTest status=SUCCESS method=EmployeeCRUDTest.createEmployeeTest()[pri:0, instance:testScript.EmployeeCRUDTest@2d710f1a] output={null}]]]>
              </value>
            </param>
          </params>
          <reporter-output>
          </reporter-output>
        </test-method> <!-- tearDown -->
      </class> <!-- testScript.EmployeeCRUDTest -->
    </test> <!-- /home/dell/Documents/Learning/APIs/Doc/MAY25_HRM_API_22June/MAY25_HRM_API/src/test/java/testScript/EmployeeCRUDTest.java -->
    <test started-at="2025-06-28T09:14:38 IST" name="/home/dell/Documents/Learning/APIs/Doc/MAY25_HRM_API_22June/MAY25_HRM_API/src/test/java/testScript/VerifyWidgetsTest.java" finished-at="2025-06-28T09:15:06 IST" duration-ms="28794">
      <class name="testScript.VerifyWidgetsTest">
        <test-method is-config="true" signature="setup()[pri:0, instance:testScript.VerifyWidgetsTest@470734c3]" started-at="2025-06-28T09:14:38 IST" name="setup" finished-at="2025-06-28T09:14:44 IST" duration-ms="6228" status="PASS">
          <reporter-output>
          </reporter-output>
        </test-method> <!-- setup -->
        <test-method signature="verifyWidgets()[pri:0, instance:testScript.VerifyWidgetsTest@470734c3]" started-at="2025-06-28T09:14:44 IST" name="verifyWidgets" finished-at="2025-06-28T09:14:46 IST" duration-ms="1998" status="PASS">
          <reporter-output>
          </reporter-output>
        </test-method> <!-- verifyWidgets -->
        <test-method is-config="true" signature="tearDown(org.testng.ITestResult)[pri:0, instance:testScript.VerifyWidgetsTest@470734c3]" started-at="2025-06-28T09:14:46 IST" name="tearDown" finished-at="2025-06-28T09:14:46 IST" duration-ms="1" status="PASS">
          <params>
            <param index="0">
              <value>
                <![CDATA[[TestResult name=verifyWidgets status=SUCCESS method=VerifyWidgetsTest.verifyWidgets()[pri:0, instance:testScript.VerifyWidgetsTest@470734c3] output={null}]]]>
              </value>
            </param>
          </params>
          <reporter-output>
          </reporter-output>
        </test-method> <!-- tearDown -->
        <test-method is-config="true" signature="setup()[pri:0, instance:testScript.VerifyWidgetsTest@470734c3]" started-at="2025-06-28T09:14:46 IST" name="setup" finished-at="2025-06-28T09:14:52 IST" duration-ms="6171" status="PASS">
          <reporter-output>
          </reporter-output>
        </test-method> <!-- setup -->
        <test-method signature="verifySkillASCOrder()[pri:0, instance:testScript.VerifyWidgetsTest@470734c3]" started-at="2025-06-28T09:14:52 IST" name="verifySkillASCOrder" finished-at="2025-06-28T09:14:54 IST" duration-ms="2431" status="FAIL">
          <exception class="java.lang.AssertionError">
            <message>
              <![CDATA[Name Field Not Same: lists don't have the same size expected [11] but found [15]]]>
            </message>
            <full-stacktrace>
              <![CDATA[java.lang.AssertionError: Name Field Not Same: lists don't have the same size expected [11] but found [15]
at org.testng.Assert.fail(Assert.java:99)
at org.testng.Assert.failNotEquals(Assert.java:1037)
at org.testng.Assert.assertEqualsImpl(Assert.java:140)
at org.testng.Assert.assertEquals(Assert.java:122)
at org.testng.Assert.assertEquals(Assert.java:907)
at org.testng.Assert.assertEquals(Assert.java:1089)
at testScript.VerifyWidgetsTest.verifySkillASCOrder(VerifyWidgetsTest.java:57)
at java.base/jdk.internal.reflect.NativeMethodAccessorImpl.invoke0(Native Method)
at java.base/jdk.internal.reflect.NativeMethodAccessorImpl.invoke(NativeMethodAccessorImpl.java:62)
at java.base/jdk.internal.reflect.DelegatingMethodAccessorImpl.invoke(DelegatingMethodAccessorImpl.java:43)
at java.base/java.lang.reflect.Method.invoke(Method.java:566)
at org.testng.internal.MethodInvocationHelper.invokeMethod(MethodInvocationHelper.java:133)
at org.testng.internal.TestInvoker.invokeMethod(TestInvoker.java:598)
at org.testng.internal.TestInvoker.invokeTestMethod(TestInvoker.java:173)
at org.testng.internal.MethodRunner.runInSequence(MethodRunner.java:46)
at org.testng.internal.TestInvoker$MethodInvocationAgent.invoke(TestInvoker.java:824)
at org.testng.internal.TestInvoker.invokeTestMethods(TestInvoker.java:146)
at org.testng.internal.TestMethodWorker.invokeTestMethods(TestMethodWorker.java:146)
at org.testng.internal.TestMethodWorker.run(TestMethodWorker.java:128)
at java.base/java.util.ArrayList.forEach(ArrayList.java:1541)
at org.testng.TestRunner.privateRun(TestRunner.java:794)
at org.testng.TestRunner.run(TestRunner.java:596)
at org.testng.SuiteRunner.runTest(SuiteRunner.java:377)
at org.testng.SuiteRunner.runSequentially(SuiteRunner.java:371)
at org.testng.SuiteRunner.privateRun(SuiteRunner.java:332)
at org.testng.SuiteRunner.run(SuiteRunner.java:276)
at org.testng.SuiteRunnerWorker.runSuite(SuiteRunnerWorker.java:53)
at org.testng.SuiteRunnerWorker.run(SuiteRunnerWorker.java:96)
at org.testng.TestNG.runSuitesSequentially(TestNG.java:1212)
at org.testng.TestNG.runSuitesLocally(TestNG.java:1134)
at org.testng.TestNG.runSuites(TestNG.java:1063)
at org.testng.TestNG.run(TestNG.java:1031)
at org.apache.maven.surefire.testng.TestNGExecutor.run(TestNGExecutor.java:308)
at org.apache.maven.surefire.testng.TestNGXmlTestSuite.execute(TestNGXmlTestSuite.java:71)
at org.apache.maven.surefire.testng.TestNGProvider.invoke(TestNGProvider.java:113)
at org.apache.maven.surefire.booter.ForkedBooter.runSuitesInProcess(ForkedBooter.java:385)
at org.apache.maven.surefire.booter.ForkedBooter.execute(ForkedBooter.java:162)
at org.apache.maven.surefire.booter.ForkedBooter.run(ForkedBooter.java:507)
at org.apache.maven.surefire.booter.ForkedBooter.main(ForkedBooter.java:495)
]]>
            </full-stacktrace>
          </exception> <!-- java.lang.AssertionError -->
          <reporter-output>
          </reporter-output>
        </test-method> <!-- verifySkillASCOrder -->
        <test-method is-config="true" signature="tearDown(org.testng.ITestResult)[pri:0, instance:testScript.VerifyWidgetsTest@470734c3]" started-at="2025-06-28T09:14:54 IST" name="tearDown" finished-at="2025-06-28T09:14:54 IST" duration-ms="1" status="PASS">
          <params>
            <param index="0">
              <value>
                <![CDATA[[TestResult name=verifySkillASCOrder status=FAILURE method=VerifyWidgetsTest.verifySkillASCOrder()[pri:0, instance:testScript.VerifyWidgetsTest@470734c3] output={null}]]]>
              </value>
            </param>
          </params>
          <reporter-output>
          </reporter-output>
        </test-method> <!-- tearDown -->
        <test-method is-config="true" signature="setup()[pri:0, instance:testScript.VerifyWidgetsTest@470734c3]" started-at="2025-06-28T09:14:54 IST" name="setup" finished-at="2025-06-28T09:15:01 IST" duration-ms="6514" status="PASS">
          <reporter-output>
          </reporter-output>
        </test-method> <!-- setup -->
        <test-method signature="createSkillAndVerifyInSame()[pri:0, instance:testScript.VerifyWidgetsTest@470734c3]" started-at="2025-06-28T09:15:01 IST" name="createSkillAndVerifyInSame" finished-at="2025-06-28T09:15:06 IST" duration-ms="5431" status="PASS">
          <reporter-output>
          </reporter-output>
        </test-method> <!-- createSkillAndVerifyInSame -->
        <test-method is-config="true" signature="tearDown(org.testng.ITestResult)[pri:0, instance:testScript.VerifyWidgetsTest@470734c3]" started-at="2025-06-28T09:15:06 IST" name="tearDown" finished-at="2025-06-28T09:15:06 IST" duration-ms="1" status="PASS">
          <params>
            <param index="0">
              <value>
                <![CDATA[[TestResult name=createSkillAndVerifyInSame status=SUCCESS method=VerifyWidgetsTest.createSkillAndVerifyInSame()[pri:0, instance:testScript.VerifyWidgetsTest@470734c3] output={null}]]]>
              </value>
            </param>
          </params>
          <reporter-output>
          </reporter-output>
        </test-method> <!-- tearDown -->
      </class> <!-- testScript.VerifyWidgetsTest -->
    </test> <!-- /home/dell/Documents/Learning/APIs/Doc/MAY25_HRM_API_22June/MAY25_HRM_API/src/test/java/testScript/VerifyWidgetsTest.java -->
  </suite> <!-- All Test Suite -->
</testng-results>
